2022-05-19 00:05:76 INFO  ManageDriver :29 - Launching Chrome Browser
2022-05-19 00:05:927 INFO  ManageDriver :29 - Launching Chrome Browser
2022-05-19 01:05:128 INFO  ManageDriver :29 - Launching Chrome Browser
2022-05-19 01:05:896 INFO  ManageDriver :29 - Launching Chrome Browser
2022-05-19 01:05:635 INFO  ManageDriver :29 - Launching Chrome Browser
2022-05-19 01:05:965 INFO  ManageDriver :29 - Launching Chrome Browser
2022-05-19 01:05:590 INFO  ManageDriver :29 - Launching Chrome Browser
2022-05-19 01:05:365 INFO  ManageDriver :29 - Launching Chrome Browser
2022-05-19 01:05:721 INFO  ManageDriver :29 - Launching Chrome Browser
2022-05-20 16:05:162 INFO  ManageDriver :29 - Launching Chrome Browser
2022-05-20 16:05:836 INFO  ManageDriver :29 - Launching Chrome Browser
2022-05-20 16:05:423 INFO  ManageDriver :29 - Launching Chrome Browser
2022-05-20 16:05:714 INFO  ManageDriver :29 - Launching Chrome Browser
2022-05-20 16:05:592 INFO  ManageDriver :29 - Launching Chrome Browser
2022-05-20 16:05:190 INFO  ManageDriver :29 - Launching Chrome Browser
2022-05-20 17:05:673 INFO  ManageDriver :29 - Launching Chrome Browser
2022-05-20 19:05:327 INFO  ManageDriver :29 - Launching Chrome Browser
2022-05-20 19:05:348 INFO  ManageDriver :29 - Launching Chrome Browser
2022-05-20 19:05:542 INFO  ResultPage :27 - Get text of find job resultPermanent Tester jobs in Harrow on the Hill
2022-05-20 20:05:307 INFO  ManageDriver :29 - Launching Chrome Browser
2022-05-20 20:05:101 INFO  ResultPage :27 - Get text of find job resultPermanent Tester jobs in Harrow on the Hill
2022-05-20 20:05:65 INFO  ManageDriver :29 - Launching Chrome Browser
2022-05-20 20:05:863 INFO  ResultPage :27 - Get text of find job resultSoftware Tester jobs in London
2022-05-20 20:05:751 INFO  ManageDriver :29 - Launching Chrome Browser
2022-05-20 20:05:113 INFO  ResultPage :27 - Get text of find job resultTester jobs in London
2022-05-20 20:05:307 INFO  ManageDriver :29 - Launching Chrome Browser
2022-05-20 20:05:566 INFO  ResultPage :27 - Get text of find job resultDriver jobs in Harrow Green
2022-05-20 20:05:746 INFO  ManageDriver :29 - Launching Chrome Browser
2022-05-20 20:05:563 INFO  ResultPage :27 - Get text of find job resultRecruitment Administrator jobs in Norfolk
2022-05-20 20:05:496 INFO  ManageDriver :29 - Launching Chrome Browser
2022-05-20 20:05:89 INFO  ResultPage :27 - Get text of find job resultNurse jobs in Glasgow
2022-05-20 20:05:104 INFO  ManageDriver :29 - Launching Chrome Browser
2022-05-20 20:05:889 INFO  ResultPage :27 - Get text of find job resultInternal Sales Executive jobs in Edmonton
